[INFO] Scanning for projects...
[WARNING] 
[WARNING] Some problems were encountered while building the effective model for bank:Federated_Banks:war:1.0.0
[WARNING] 'dependencies.dependency.systemPath' for fs2:FS2Services:jar should not point at files within the project directory, ${project.basedir}\lib\fs2.FS2Services-1.0.0.jar will be unresolvable by dependent projects @ line 1528, column 19
[WARNING] 
[WARNING] It is highly recommended to fix these problems because they threaten the stability of your build.
[WARNING] 
[WARNING] For this reason, future Maven versions might no longer support building such malformed projects.
[WARNING] 
[INFO]                                                                         
[INFO] ------------------------------------------------------------------------
[INFO] Building Federated Banks 1.0.0
[INFO] ------------------------------------------------------------------------
[INFO] 
[INFO] --- maven-clean-plugin:2.4.1:clean (default-clean) @ Federated_Banks ---
[INFO] Deleting C:\Users\ciminf\Desktop\Designer RC3 4783\xCPDesigner\Applications\Federated_Banks\Federated_Banks\target
[INFO] 
[INFO] --- xcp-validate:1.0.4:run (xcp-validate) @ Federated_Banks ---
[WARNING] Widget text_input: Property "Initial value" is empty.
[WARNING] Widget name: Property "Initial value" is empty.
[WARNING] Widget state_ddl: Property "Initial value" is empty.
[WARNING] Data service instance Extract RSSD ID is not being used.
[WARNING] Data service instance Extract FDIC Cert is not being used.
[WARNING] Data service instance Extract City is not being used.
[WARNING] Data service instance Extract State is not being used.
[WARNING] Data service instance List banks in state FFIEC is not being used.
[WARNING] The use of attribute name 'state' is not recommended, it is a reserved word.
[WARNING] Widget text_input: Property "Initial value" is empty.
[WARNING] Task page for the activity "Initiate" in process "Create Bank Process" does not exist.
[WARNING] Widget text_input: Property "Initial value" is empty.
[WARNING] Widget text_input1: Property "Initial value" is empty.
[WARNING] Widget text_input2: Property "Initial value" is empty.
[WARNING] Widget text_input3: Property "Initial value" is empty.
[WARNING] Widget text_input: Property "Initial value" is empty.
[WARNING] Widget text_input1: Property "Initial value" is empty.
[WARNING] Widget text_input2: Property "Initial value" is empty.
[WARNING] Widget text_input: Property "Initial value" is empty.
[WARNING] Widget text_input: Property "Initial value" is empty.
[WARNING] Widget text_input1: Property "Initial value" is empty.
[WARNING] Widget text_input2: Property "Initial value" is empty.
[WARNING] Widget text_input: Property "Initial value" is empty.
[WARNING] Widget text_input: Property "Initial value" is empty.
[WARNING] Widget text_input1: Property "Initial value" is empty.
[WARNING] Widget content_tree: Property "Folder Root" is empty.
[INFO] Finished validating project 'Federated_Banks' in 919ms
[INFO] 
[INFO] --- build-helper-maven-plugin:1.7:add-source (add-source) @ Federated_Banks ---
[INFO] Source directory: C:\Users\ciminf\Desktop\Designer RC3 4783\xCPDesigner\Applications\Federated_Banks\Federated_Banks\gen\main\java added.
[INFO] 
[INFO] --- xcp-generate-sources:1.0.4:run (xcp-generate-sources) @ Federated_Banks ---
[WARNING] Maven resolved the library [org.apache.maven.surefire:surefire-providers:2.7.1]to C:\Users\ciminf\.m2\repository\org\apache\maven\surefire\surefire-providers\2.7.1\surefire-providers-2.7.1.pom
[INFO] Finished executing project generators in....53ms
[INFO] Generating Action flow config for action flow : import_bank_report
[INFO] Generating Action flow config for action flow : import_external_con
[INFO] Generating Action flow config for action flow : base_folder
[INFO] Finished executing artifact generators in....3167ms
[INFO] Finished generating code for project 'Federated_Banks' in 3221ms
[INFO] 
[INFO] --- build-helper-maven-plugin:1.7:add-resource (add-resource) @ Federated_Banks ---
[INFO] 
[INFO] --- maven-resources-plugin:2.4.3:resources (default-resources) @ Federated_Banks ---
[WARNING] Using platform encoding (UTF8 actually) to copy filtered resources, i.e. build is platform dependent!
[INFO] Copying 0 resource
[INFO] Copying 15 resources
[INFO] 
[INFO] --- maven-compiler-plugin:2.3.2:compile (default-compile) @ Federated_Banks ---
[WARNING] File encoding has not been set, using platform encoding UTF8, i.e. build is platform dependent!
[INFO] Compiling 169 source files to C:\Users\ciminf\Desktop\Designer RC3 4783\xCPDesigner\Applications\Federated_Banks\Federated_Banks\target\classes
[INFO] 
[INFO] --- maven-resources-plugin:2.4.3:testResources (default-testResources) @ Federated_Banks ---
[WARNING] Using platform encoding (UTF8 actually) to copy filtered resources, i.e. build is platform dependent!
[INFO] skip non existing resourceDirectory C:\Users\ciminf\Desktop\Designer RC3 4783\xCPDesigner\Applications\Federated_Banks\Federated_Banks\src\test\resources
[INFO] 
[INFO] --- maven-compiler-plugin:2.3.2:testCompile (default-testCompile) @ Federated_Banks ---
[INFO] No sources to compile
[INFO] 
[INFO] --- maven-surefire-plugin:2.7.1:test (default-test) @ Federated_Banks ---
[INFO] No tests to run.
[INFO] Surefire report directory: C:\Users\ciminf\Desktop\Designer RC3 4783\xCPDesigner\Applications\Federated_Banks\Federated_Banks\target\surefire-reports

-------------------------------------------------------
 T E S T S
-------------------------------------------------------
There are no tests to run.

Results :

Tests run: 0, Failures: 0, Errors: 0, Skipped: 0

[INFO] 
[INFO] --- xcp-dar:1.0.6:run (xcp-dar) @ Federated_Banks ---
[INFO] 
[INFO] Started create dar package for project 'Federated_Banks'
[INFO] Artifact 'Artifacts/Resources/search_fs2.gif' added to the package
[INFO] Artifact 'Artifacts/Pages/google_search_no_su.page' added to the package
[INFO] Artifact 'Artifacts/Pages/user_preferences.page' added to the package
[INFO] Artifact 'Artifacts/Context Menus/bank_folder.contextmenu' added to the package
[INFO] Artifact 'Artifacts/Full-text Queries/search_for_banks_ft.fulltext' added to the package
[INFO] Artifact 'Artifacts/Full-text Queries/search_for_extern_1.fulltext' added to the package
[INFO] Artifact 'Artifacts/Pages/search_for_bank_fol.page' added to the package
[INFO] Artifact 'Artifacts/Pages/application_master.page' added to the package
[INFO] Artifact 'Artifacts/Real-time Queries/search_for_banks.realtime' added to the package
[INFO] Artifact 'Artifacts/Business Objects/bank.businessobj' added to the package
[INFO] Artifact 'Artifacts/Folders/bank_folder.folder' added to the package
[INFO] Artifact 'Artifacts/Action Flows/import_external_con.actionflow' added to the package
[INFO] Artifact 'Artifacts/Pages/view_bank.page' added to the package
[INFO] Artifact 'Artifacts/Pages/view_external_conte.page' added to the package
[INFO] Artifact 'Artifacts/Pages/role_member.page' added to the package
[INFO] Artifact 'Artifacts/UI Steps/import_external_con.uistep' added to the package
[INFO] Artifact 'Artifacts/Pages/search_for_extern_1.page' added to the package
[INFO] Artifact 'Artifacts/Pages/create_bank.page' added to the package
[INFO] Artifact 'Artifacts/UI Steps/import_bank_report_.uistep' added to the package
[INFO] Artifact 'Artifacts/Content/bank_report.content' added to the package
[INFO] Artifact 'Artifacts/Pages/page_not_found.page' added to the package
[INFO] Artifact 'Artifacts/Context Menus/external_content.contextmenu' added to the package
[INFO] Artifact 'Artifacts/Pages/view_base_folder.page' added to the package
[INFO] Artifact 'Artifacts/Context Menus/bank_report.contextmenu' added to the package
[INFO] Artifact 'Artifacts/Pages/search_for_banks_ft.page' added to the package
[INFO] Artifact 'Artifacts/Resources/bank.png' added to the package
[INFO] Artifact 'Artifacts/Pages/edit_base_folder.page' added to the package
[INFO] Artifact 'Artifacts/Real-time Queries/search_for_external.realtime' added to the package
[INFO] Artifact 'Artifacts/Viewer Formats/viewerformatmapping.viewerformat' added to the package
[INFO] Artifact 'Artifacts/Pages/browse_content.page' added to the package
[INFO] Artifact 'Artifacts/Pages/manage_app_role.page' added to the package
[INFO] Artifact 'Artifacts/Action Flows/base_folder.actionflow' added to the package
[INFO] Artifact 'Artifacts/Runtime App Configurations/runtimeappconfig.rtappconfig' added to the package
[INFO] Artifact 'Artifacts/Pages/view_base_content.page' added to the package
[INFO] Artifact 'Artifacts/Pages/application_parameter.page' added to the package
[INFO] Artifact 'Artifacts/Picklists/states.picklist' added to the package
[INFO] Artifact 'Artifacts/UI Steps/base_folder_step_1.uistep' added to the package
[INFO] Artifact 'Artifacts/Context Menus/dm_document.contextmenu' added to the package
[INFO] Artifact 'Artifacts/Pages/search_for_bank_rep.page' added to the package
[INFO] Artifact 'Artifacts/Real-time Queries/search_for_bank_fol.realtime' added to the package
[INFO] Artifact 'Artifacts/Real-time Queries/search_for_bank_rep.realtime' added to the package
[INFO] Artifact 'Artifacts/Pages/view_bank_folder.page' added to the package
[INFO] Artifact 'Artifacts/Pages/edit_base_content.page' added to the package
[INFO] Artifact 'Artifacts/Pages/appmaster_defpage.page' added to the package
[INFO] Artifact 'Artifacts/Pages/search_for_external.page' added to the package
[INFO] Artifact 'Artifacts/Resources/bank2.png' added to the package
[INFO] Artifact 'Artifacts/Context Menus/dm_folder.contextmenu' added to the package
[INFO] Artifact 'Artifacts/Pages/google_search.page' added to the package
[INFO] Artifact 'Artifacts/Processes/create_bank_process.process' added to the package
[INFO] Artifact 'Artifacts/Context Menus/bank.contextmenu' added to the package
[INFO] Artifact 'Artifacts/Pages/search_for_banks.page' added to the package
[INFO] Artifact 'Artifacts/Pages/view_bank_report.page' added to the package
[INFO] Artifact 'Artifacts/Content/external_content.content' added to the package
[INFO] Artifact 'Artifacts/Action Flows/import_bank_report.actionflow' added to the package
[INFO] Added manifest file to package
[INFO] Added index file to package
[INFO] Finished creating dar package for project 'Federated_Banks'
[INFO] Dar creation for project 'Federated_Banks' took 172ms
[INFO] 
[INFO] Started packaging local library dependencies for application project '[XCPProject: Federated_Banks]'
[INFO] Adding [C:\Users\ciminf\Desktop\Designer RC3 4783\xCPDesigner\Applications\Federated_Banks\Federated_Banks\target\bank-Federated_Banks-1.0.0\WEB-INF\lib\fs2.FS2Services-1.0.0.jar] -> [C:\Users\ciminf\Desktop\Designer RC3 4783\xCPDesigner\Applications\Federated_Banks\Federated_Banks\target\bank-Federated_Banks-1.0.0\WEB-INF\lib]
[INFO] Packaged local library dependencies for project 'Federated_Banks' in 11ms
[INFO] 
[INFO] --- maven-war-plugin:2.1.1:war (default-war) @ Federated_Banks ---
[INFO] Packaging webapp
[INFO] Assembling webapp [Federated_Banks] in [C:\Users\ciminf\Desktop\Designer RC3 4783\xCPDesigner\Applications\Federated_Banks\Federated_Banks\target\bank-Federated_Banks-1.0.0]
[INFO] Processing war project
[INFO] Copying webapp webResources [C:\Users\ciminf\Desktop\Designer RC3 4783\xCPDesigner\Applications\Federated_Banks\Federated_Banks\Artifacts] to [C:\Users\ciminf\Desktop\Designer RC3 4783\xCPDesigner\Applications\Federated_Banks\Federated_Banks\target\bank-Federated_Banks-1.0.0]
[INFO] Copying webapp webResources [C:\Users\ciminf\Desktop\Designer RC3 4783\xCPDesigner\Applications\Federated_Banks\Federated_Banks\content] to [C:\Users\ciminf\Desktop\Designer RC3 4783\xCPDesigner\Applications\Federated_Banks\Federated_Banks\target\bank-Federated_Banks-1.0.0]
[INFO] Copying webapp webResources [C:\Users\ciminf\Desktop\Designer RC3 4783\xCPDesigner\Applications\Federated_Banks\Federated_Banks\lib] to [C:\Users\ciminf\Desktop\Designer RC3 4783\xCPDesigner\Applications\Federated_Banks\Federated_Banks\target\bank-Federated_Banks-1.0.0]
[INFO] Copying webapp webResources [C:\Users\ciminf\Desktop\Designer RC3 4783\xCPDesigner\Applications\Federated_Banks\Federated_Banks\gen/main/webapp] to [C:\Users\ciminf\Desktop\Designer RC3 4783\xCPDesigner\Applications\Federated_Banks\Federated_Banks\target\bank-Federated_Banks-1.0.0]
[INFO] Copying webapp webResources [C:\Users\ciminf\Desktop\Designer RC3 4783\xCPDesigner\Applications\Federated_Banks\Federated_Banks\.] to [C:\Users\ciminf\Desktop\Designer RC3 4783\xCPDesigner\Applications\Federated_Banks\Federated_Banks\target\bank-Federated_Banks-1.0.0]
[INFO] Copying webapp resources [C:\Users\ciminf\Desktop\Designer RC3 4783\xCPDesigner\Applications\Federated_Banks\Federated_Banks\src\main\webapp]
[INFO] Webapp assembled in [7045 msecs]
[INFO] Building war: C:\Users\ciminf\Desktop\Designer RC3 4783\xCPDesigner\Applications\Federated_Banks\Federated_Banks\target\bank-Federated_Banks-1.0.0.war
[WARNING] Warning: selected war files include a WEB-INF/web.xml which will be ignored 
(webxml attribute is missing from war task, or ignoreWebxml attribute is specified as 'true')
[INFO] 
[INFO] --- maven-install-plugin:2.3.1:install (default-install) @ Federated_Banks ---
[INFO] Installing C:\Users\ciminf\Desktop\Designer RC3 4783\xCPDesigner\Applications\Federated_Banks\Federated_Banks\target\bank-Federated_Banks-1.0.0.war to C:\Users\ciminf\.m2\repository\bank\Federated_Banks\1.0.0\Federated_Banks-1.0.0.war
[INFO] Installing C:\Users\ciminf\Desktop\Designer RC3 4783\xCPDesigner\Applications\Federated_Banks\Federated_Banks\pom.xml to C:\Users\ciminf\.m2\repository\bank\Federated_Banks\1.0.0\Federated_Banks-1.0.0.pom
[INFO] 
[INFO] --- maven-deploy-plugin:2.5:deploy (default-deploy) @ Federated_Banks ---
[INFO] Skipping artifact deployment
[INFO] 
[INFO] --- xcp-deploy:1.0.6:run (xcp-deploy) @ Federated_Banks ---
[INFO] config file selected =/configuration/bmcincmin1596412093_config.xml
[INFO] Setting xms server host to 10.8.41.10
[INFO] Setting xms server port to 7070
[INFO] Setting xms server username to admin
[INFO] Setting xms server password to a non-null value
[INFO] Invoked xms client to deploy app
[INFO] Using environment:RC3
[INFO] Deploying application - app deploy command start
[INFO] Using environment:RC3
[INFO] Application Name = Federated_Banks
[INFO] Application Package Location = C:\tcserver\xmsagentinstance\webapps\xms-server\WEB-INF\work\71ff07e7-4158-474a-8777-0914ae67ba62\payload_ff2eaa9a-50fb-4ea7-beae-9936ee4318b1_unzipped\6eba57f8-fe11-4a56-a4ce-7fa9c8123197
[INFO] Deploy Method = INCREMENTAL
[INFO] Data Policy = MINIMAL
[INFO] Deploy Env = DEV
[INFO] Environment = RC3
[INFO] Validate only  = false
[INFO] Xplore Indexing  = true
[INFO] Running validate phase
[INFO] No validation needed document has no discovered metadata
[INFO] No validation needed document has no discovered metadata
[INFO] Started SearchDeployer 'Validate'
[INFO] xPlore connection details: host = 'xplore' port = '9300' password = '*****' collection = 'default' domain = 'xcp'
[INFO] Index Agent connection details: host = 'xplore' port = '9200' user = 'dmadmin' password = '*****' server name = 'IndexAgent' docbase = 'xcp' instance Name = 'xplore_9200_IndexAgent'
[INFO] Index definition needed by the application (all subpaths required in indexserverconfig.xml):
[INFO] <path-value-index><sub-path path="dmftmetadata//state" description="Used by facet state in search model search_for_banks_ft" returning-contents="true" type="string" value-comparison="true"/><sub-path path="dmftmetadata//rssd_id" description="Used by input rssd_id in search model search_for_banks_ft" type="string" value-comparison="true"/><sub-path path="dmftmetadata//fdic_certificate" description="Used by input fdic_certificate in search model search_for_banks_ft" type="string" value-comparison="true"/><sub-path path="dmftmetadata//source" description="Used by facet source in search model search_for_extern_1; Used by input source in search model search_for_extern_1" returning-contents="true" type="string" value-comparison="true"/><sub-path path="dmftmetadata//city" description="Used by facet city in search model search_for_banks_ft" returning-contents="true" type="string" value-comparison="true"/><sub-path path="dmftmetadata//object_name" description="Used by input name in search model search_for_banks_ft; Used by input name in search model search_for_extern_1" type="string" value-comparison="true"/><\path-value-index>
[INFO] No need to update the index definition on xPlore (all subpaths are already defined)
[INFO] No actions are required on xPlore for the application.
[INFO] Finished executing SearchDeployer 'Validate' (Execution time = 2 secs)
[INFO] Finished Running validate phase in....3secs
[INFO] Running pre deploy phase
[INFO] Started SearchDeployer 'PreDeploy'
[INFO] No actions needed during xPlore PreDeploy
[INFO] Finished executing SearchDeployer 'PreDeploy' (Execution time = 0 secs)
[INFO] Connecting to:http://contentserver:8000/Federated_Banks/servlet/InvalidateCache
[INFO] Connection to:http://contentserver:8000/Federated_Banks/servlet/InvalidateCache was true
[INFO] App Server Cache cleared at the url : http://contentserver:8000/Federated_Banks/servlet/InvalidateCache
[INFO] Finished Running pre deploy phase in....1secs
[INFO] Running deploy phase
[INFO] Started executing Repository deployment
[INFO] Started Application deployment into repository
[INFO] Starting project 'xcpcommons' deployment
[INFO] Finished project 'xcpcommons' deployment
[INFO] Starting project 'xcpcore' deployment
[INFO] Finished project 'xcpcore' deployment
[INFO] Starting project 'FS2Services' deployment
[INFO] Started executing Artifact 'Google Search' post install action
[INFO] Artifact 'Google Search' post install action executed...Success
[INFO] Artifact 'Google Search' post install action executed...Success
[INFO] Started executing Artifact 'List result attributes' post install action
[INFO] Artifact 'List result attributes' post install action executed...Success
[INFO] Artifact 'List result attributes' post install action executed...Success
[INFO] Started executing Artifact 'Get Source Description' post install action
[INFO] Artifact 'Get Source Description' post install action executed...Success
[INFO] Artifact 'Get Source Description' post install action executed...Success
[INFO] Started executing Artifact 'Search External Source' post install action
[INFO] Artifact 'Search External Source' post install action executed...Success
[INFO] Artifact 'Search External Source' post install action executed...Success
[INFO] Started executing Artifact 'List External Sources' post install action
[INFO] Artifact 'List External Sources' post install action executed...Success
[INFO] Artifact 'List External Sources' post install action executed...Success
[INFO] Started executing Artifact 'List banks FFIEC' post install action
[INFO] Artifact 'List banks FFIEC' post install action executed...Success
[INFO] Artifact 'List banks FFIEC' post install action executed...Success
[INFO] Started executing Artifact 'List query attributes' post install action
[INFO] Artifact 'List query attributes' post install action executed...Success
[INFO] Artifact 'List query attributes' post install action executed...Success
[INFO] Started executing Artifact 'Extract Attribute' post install action
[INFO] Artifact 'Extract Attribute' post install action executed...Success
[INFO] Artifact 'Extract Attribute' post install action executed...Success
[INFO] Started executing Artifact 'List banks in state FFIEC' post install action
[INFO] Artifact 'List banks in state FFIEC' post install action executed...Success
[INFO] Artifact 'List banks in state FFIEC' post install action executed...Success
[INFO] Finished project 'FS2Services' deployment
[INFO] Starting project 'Federated_Banks' deployment
[INFO] Started executing Artifact 'Bank Report' post install action
[INFO] Deploying Discovered Metadata for document 'bank_report' (installIntent=SKIP, dataPolicy=MINIMAL, deploymentEnv=DEV)
[INFO] Deploying Discovered Metadata tables for docset 'bank_bank_report' (installIntent=SKIP, dataPolicy=MINIMAL, deploymentEnv=DEV)
[INFO] Deploying Discovered Metadata aspect for type name 'bank_bank_report' installIntent=SKIP, dataPolicy=MINIMAL, deploymentEnv=DEV)
[INFO] Deploying Discovered Metadata configuration file for docset 'bank_bank_report' (installIntent=SKIP, dataPolicy=MINIMAL, deploymentEnv=DEV)
[INFO] Deploying Discovered Metadata docset 'bank_bank_report' (installIntent=SKIP, dataPolicy=MINIMAL, deploymentEnv=DEV)
[INFO] Discovered Metadata docset 'bank_bank_report' deployed
[INFO] Discovered Metadata deployed for document 'bank_report'
[INFO] Artifact 'Bank Report' post install action executed...Success
[INFO] Artifact 'Bank Report' post install action executed...Success
[INFO] Started executing Artifact 'Create Bank Process' post install action
[INFO] Artifact 'Create Bank Process' post install action executed...Success
[INFO] Artifact 'Create Bank Process' post install action executed...Success
[INFO] Started executing Artifact 'External Content' post install action
[INFO] Deploying Discovered Metadata for document 'external_content' (installIntent=SKIP, dataPolicy=MINIMAL, deploymentEnv=DEV)
[INFO] Deploying Discovered Metadata tables for docset 'bank_external_content' (installIntent=SKIP, dataPolicy=MINIMAL, deploymentEnv=DEV)
[INFO] Deploying Discovered Metadata aspect for type name 'bank_external_content' installIntent=SKIP, dataPolicy=MINIMAL, deploymentEnv=DEV)
[INFO] Deploying Discovered Metadata configuration file for docset 'bank_external_content' (installIntent=SKIP, dataPolicy=MINIMAL, deploymentEnv=DEV)
[INFO] Deploying Discovered Metadata docset 'bank_external_content' (installIntent=SKIP, dataPolicy=MINIMAL, deploymentEnv=DEV)
[INFO] Discovered Metadata docset 'bank_external_content' deployed
[INFO] Discovered Metadata deployed for document 'external_content'
[INFO] Artifact 'External Content' post install action executed...Success
[INFO] Artifact 'External Content' post install action executed...Success
[INFO] Finished project 'Federated_Banks' deployment
[INFO] Finished Application deployment into repository
[INFO] Notifying Method Server to Invalidate cache
[INFO] Executing request http://contentserver:9080/bpm/servlet/InvalidateCache
[INFO] Response status code: 200
[INFO] Response reason: OK
[INFO] Method Server successfully invalidated cache on http://contentserver:9080/bpm/servlet/InvalidateCache
[INFO] Finished executing Repository deployment
[INFO] Repository recipe execution time = '22 secs
[INFO] Started SearchDeployer 'Deploy'
[INFO] No index definition update is needed on xPlore
[INFO] No index rebuild required.
[INFO] No refeed is required.
[INFO] Finished executing SearchDeployer 'Deploy' (Execution time = 0 secs)
[INFO] Started executing BAM deployment
[INFO] BAM URL = http://contentserver:8000/bam-server/admin?datapolicy=MINIMAL&deploymentmethod=INCREMENTAL&deploymentenvironment=DEV&namespace=xcpcomm
[INFO] executing request http://contentserver:8000/bam-server/admin?datapolicy=MINIMAL&deploymentmethod=INCREMENTAL&deploymentenvironment=DEV&namespace=xcpcomm
[INFO] Response HTTP Status code: 200
[INFO] BAM deployment successful
[INFO] BAM URL = http://contentserver:8000/bam-server/admin?datapolicy=MINIMAL&deploymentmethod=INCREMENTAL&deploymentenvironment=DEV&namespace=fs2
[INFO] executing request http://contentserver:8000/bam-server/admin?datapolicy=MINIMAL&deploymentmethod=INCREMENTAL&deploymentenvironment=DEV&namespace=fs2
[INFO] Response HTTP Status code: 200
[INFO] BAM deployment successful
[INFO] BAM URL = http://contentserver:8000/bam-server/admin?datapolicy=MINIMAL&deploymentmethod=INCREMENTAL&deploymentenvironment=DEV&namespace=bank
[INFO] executing request http://contentserver:8000/bam-server/admin?datapolicy=MINIMAL&deploymentmethod=INCREMENTAL&deploymentenvironment=DEV&namespace=bank
[INFO] Response HTTP Status code: 200
[INFO] BAM deployment successful
[INFO] Finished BAM deployment
[INFO] Bam deployer  execution time = 11 secs
[INFO] The tcserver manager URL is http://contentserver:8000/manager/text
[INFO] The bank-Federated_Banks-1.0.0.war is deploying.
[INFO] Connecting to:http://contentserver:8000/manager/text/deploy
[INFO] Connection to:http://contentserver:8000/manager/text/deploy was true
[INFO] The bank-Federated_Banks-1.0.0.war has deployed.
[INFO] WAR deployer execution time = 76 secs
[INFO] Finished Running deploy phase in....111secs
[INFO] Running upgrade data phase
[INFO] No actions needed during xPlore upgradeData
[INFO] Finished Running upgrade data phase in....0secs
[INFO] Running post deploy phase
[INFO] Started SearchDeployer 'PostDeploy'
[INFO] No actions needed during xPlore PostDeploy
[INFO] Finished executing SearchDeployer 'PostDeploy' (Execution time = 0 secs)
[INFO] Application URL: http://contentserver:8000/Federated_Banks
[INFO] Finished Running post deploy phase in....0secs
[INFO] AppDeploymentManager deployedin....136secs
[INFO] Registering deployed application into catalog: environment: RC3, name = Federated_Banks, namespace = bank, version = 1.0.0
[INFO] Deploying application was successful
[INFO] Command execution process has finished.
[INFO] xms client finished running app deployment
[INFO] Project 'Federated_Banks' deployed
[INFO] Finished deploying project 'Federated_Banks' in 153secs
[INFO] ------------------------------------------------------------------------
[INFO] BUILD SUCCESS
[INFO] ------------------------------------------------------------------------
[INFO] Total time: 2:57.678s
[INFO] Finished at: Tue Nov 13 11:34:47 CET 2012
[INFO] Final Memory: 9M/56M
[INFO] ------------------------------------------------------------------------
